<?xml version="1.0" encoding="UTF-8"?>
<!-- Generated by org.testng.reporters.JUnitReportReporter -->
<testsuite hostname="DESKTOP-TGI3SLI" failures="0" tests="1" name="com.saucedemo.testcases.MenuTest" time="0.352" errors="0" timestamp="2025-08-15T23:46:57 IST" skipped="0">
  <testcase classname="com.saucedemo.testcases.MenuTest" name="validateLogHome" time="0.352"/>
</testsuite> <!-- com.saucedemo.testcases.MenuTest -->
