<?xml version="1.0" encoding="UTF-8"?>
<!-- Generated by org.testng.reporters.JUnitReportReporter -->
<testsuite hostname="DESKTOP-TGI3SLI" failures="0" tests="1" name="com.saucedemo.testcases.ThankYouTest" time="0.194" errors="0" timestamp="2025-08-16T01:49:37 IST" skipped="0">
  <testcase classname="com.saucedemo.testcases.ThankYouTest" name="validateOrderConfirm" time="0.194"/>
</testsuite> <!-- com.saucedemo.testcases.ThankYouTest -->
