<?xml version="1.0" encoding="UTF-8"?>
<!-- Generated by org.testng.reporters.JUnitReportReporter -->
<testsuite hostname="DESKTOP-TGI3SLI" failures="0" tests="1" name="com.saucedemo.testcases.CheckoutInfoTest" time="0.489" errors="0" timestamp="2025-08-15T23:46:57 IST" skipped="0">
  <testcase classname="com.saucedemo.testcases.CheckoutInfoTest" name="userCheckoutInfo" time="0.489"/>
</testsuite> <!-- com.saucedemo.testcases.CheckoutInfoTest -->
