<?xml version="1.0" encoding="UTF-8"?>
<!-- Generated by org.testng.reporters.JUnitReportReporter -->
<testsuite hostname="DESKTOP-TGI3SLI" failures="0" tests="1" name="com.saucedemo.testcases.ProductsTest" time="0.398" errors="0" timestamp="2025-08-15T23:46:57 IST" skipped="0">
  <testcase classname="com.saucedemo.testcases.ProductsTest" name="addToCart" time="0.398"/>
</testsuite> <!-- com.saucedemo.testcases.ProductsTest -->
