<?xml version="1.0" encoding="UTF-8"?>
<!-- Generated by org.testng.reporters.JUnitReportReporter -->
<testsuite hostname="DESKTOP-TGI3SLI" failures="0" tests="1" name="com.saucedemo.testcases.LoginTest" time="0.042" errors="0" timestamp="2025-08-15T02:24:15 IST" skipped="0">
  <testcase classname="com.saucedemo.testcases.LoginTest" name="vLogin" time="0.042"/>
</testsuite> <!-- com.saucedemo.testcases.LoginTest -->
